Running surfaceFeatures on /home/asleena/Documents/prometheus-main/cfd_sim/hull_opt
Running blockMesh on /home/asleena/Documents/prometheus-main/cfd_sim/hull_opt
Running foamDictionary on /home/asleena/Documents/prometheus-main/cfd_sim/hull_opt
Running topoSet on /home/asleena/Documents/prometheus-main/cfd_sim/hull_opt
Running refineMesh on /home/asleena/Documents/prometheus-main/cfd_sim/hull_opt
Running foamDictionary on /home/asleena/Documents/prometheus-main/cfd_sim/hull_opt
Running topoSet on /home/asleena/Documents/prometheus-main/cfd_sim/hull_opt
Running refineMesh on /home/asleena/Documents/prometheus-main/cfd_sim/hull_opt
Running foamDictionary on /home/asleena/Documents/prometheus-main/cfd_sim/hull_opt
Running topoSet on /home/asleena/Documents/prometheus-main/cfd_sim/hull_opt
Running refineMesh on /home/asleena/Documents/prometheus-main/cfd_sim/hull_opt
Running foamDictionary on /home/asleena/Documents/prometheus-main/cfd_sim/hull_opt
Running topoSet on /home/asleena/Documents/prometheus-main/cfd_sim/hull_opt
Running refineMesh on /home/asleena/Documents/prometheus-main/cfd_sim/hull_opt
Running foamDictionary on /home/asleena/Documents/prometheus-main/cfd_sim/hull_opt
Running topoSet on /home/asleena/Documents/prometheus-main/cfd_sim/hull_opt
Running refineMesh on /home/asleena/Documents/prometheus-main/cfd_sim/hull_opt
Running foamDictionary on /home/asleena/Documents/prometheus-main/cfd_sim/hull_opt
Running topoSet on /home/asleena/Documents/prometheus-main/cfd_sim/hull_opt
Running refineMesh on /home/asleena/Documents/prometheus-main/cfd_sim/hull_opt
Running snappyHexMesh on /home/asleena/Documents/prometheus-main/cfd_sim/hull_opt
